<?xml version="1.0" encoding="UTF-8"?>
<!-- Generated by org.testng.reporters.JUnitReportReporter -->
<testsuite skipped="0" hostname="pre3147530" name="TestSuite.LaunchHomePage" tests="2" failures="0" timestamp="16 Jul 2020 05:34:35 GMT" time="30.072" errors="0">
  <testcase name="verifyHomePage" time="12.291" classname="TestSuite.LaunchHomePage"/>
  <testcase name="verifyLogin" time="17.781" classname="TestSuite.LaunchHomePage"/>
</testsuite> <!-- TestSuite.LaunchHomePage -->
