<?xml version="1.0" encoding="UTF-8"?>
<!-- Generated by org.testng.reporters.JUnitReportReporter -->
<testsuite skipped="0" hostname="pre3147530" name="TestSuite.LaunchHomePage" tests="2" failures="0" timestamp="15 Jul 2020 09:40:06 GMT" time="93.575" errors="0">
  <testcase name="verifyHomePage" time="24.042" classname="TestSuite.LaunchHomePage"/>
  <testcase name="verifyLogin" time="69.533" classname="TestSuite.LaunchHomePage"/>
</testsuite> <!-- TestSuite.LaunchHomePage -->
