<?xml version="1.0" encoding="UTF-8"?>
<!-- Generated by org.testng.reporters.JUnitReportReporter -->
<testsuite skipped="0" hostname="pre3147530" name="TestSuite.LaunchHomePage" tests="2" failures="0" timestamp="16 Jul 2020 05:11:10 GMT" time="31.211" errors="0">
  <testcase name="verifyLogin" time="15.019" classname="TestSuite.LaunchHomePage"/>
  <testcase name="verifyHomePage" time="16.192" classname="TestSuite.LaunchHomePage"/>
</testsuite> <!-- TestSuite.LaunchHomePage -->
