<?xml version="1.0" encoding="UTF-8"?>
<!-- Generated by org.testng.reporters.JUnitReportReporter -->
<testsuite skipped="0" hostname="pre3147530" name="TestSuite.LaunchHomePage" tests="2" failures="0" timestamp="19 Jul 2020 09:09:09 GMT" time="56.445" errors="0">
  <testcase name="verifyLogin" time="28.823" classname="TestSuite.LaunchHomePage"/>
  <testcase name="verifyHomePage" time="27.622" classname="TestSuite.LaunchHomePage"/>
</testsuite> <!-- TestSuite.LaunchHomePage -->
