<?xml version="1.0" encoding="UTF-8"?>
<!-- Generated by org.testng.reporters.JUnitReportReporter -->
<testsuite skipped="0" hostname="pre3147530" name="TestSuite.LaunchHomePage" tests="2" failures="0" timestamp="16 Jul 2020 05:37:46 GMT" time="30.943" errors="0">
  <testcase name="verifyLogin" time="15.093" classname="TestSuite.LaunchHomePage"/>
  <testcase name="verifyHomePage" time="15.850" classname="TestSuite.LaunchHomePage"/>
</testsuite> <!-- TestSuite.LaunchHomePage -->
