<?xml version="1.0" encoding="UTF-8"?>
<!-- Generated by org.testng.reporters.JUnitReportReporter -->
<testsuite skipped="0" hostname="pre3147530" name="TestSuite.LaunchHomePage" tests="2" failures="0" timestamp="15 Jul 2020 10:39:48 GMT" time="43.579" errors="0">
  <testcase name="verifyHomePage" time="15.834" classname="TestSuite.LaunchHomePage"/>
  <testcase name="verifyLogin" time="27.745" classname="TestSuite.LaunchHomePage"/>
</testsuite> <!-- TestSuite.LaunchHomePage -->
